1736413520.716529 client started (2243827): version 3.3a, socket /tmp/tmux-16124/default, protocol 8
1736413520.716550 on Linux 6.1.0-28-amd64 #1 SMP PREEMPT_DYNAMIC Debian 6.1.119-1 (2024-11-22)
1736413520.716555 using libevent 2.1.12-stable (poll); ncurses 6.3
1736413520.716570 flags are 0x18010000
1736413520.716574 socket is /tmp/tmux-16124/default
1736413520.716604 trying connect
1736413520.716675 add peer 0x564cf1c5eee0: 6 ((nil))
1736413520.716902 sending message 100 to peer 0x564cf1c5eee0 (4 bytes)
1736413520.716907 sending message 111 to peer 0x564cf1c5eee0 (8 bytes)
1736413520.716911 sending message 101 to peer 0x564cf1c5eee0 (12 bytes)
1736413520.716915 sending message 109 to peer 0x564cf1c5eee0 (4 bytes)
1736413520.716918 sending message 102 to peer 0x564cf1c5eee0 (11 bytes)
1736413520.716921 sending message 108 to peer 0x564cf1c5eee0 (29 bytes)
1736413520.716925 sending message 112 to peer 0x564cf1c5eee0 (70 bytes)
1736413520.716929 sending message 112 to peer 0x564cf1c5eee0 (5 bytes)
1736413520.716932 sending message 112 to peer 0x564cf1c5eee0 (6 bytes)
1736413520.716936 sending message 112 to peer 0x564cf1c5eee0 (6 bytes)
1736413520.716939 sending message 112 to peer 0x564cf1c5eee0 (10 bytes)
1736413520.716943 sending message 112 to peer 0x564cf1c5eee0 (13 bytes)
1736413520.716946 sending message 112 to peer 0x564cf1c5eee0 (14 bytes)
1736413520.716949 sending message 112 to peer 0x564cf1c5eee0 (19 bytes)
1736413520.716953 sending message 112 to peer 0x564cf1c5eee0 (11 bytes)
1736413520.716957 sending message 112 to peer 0x564cf1c5eee0 (10 bytes)
1736413520.716960 sending message 112 to peer 0x564cf1c5eee0 (15 bytes)
1736413520.716964 sending message 112 to peer 0x564cf1c5eee0 (21 bytes)
1736413520.716967 sending message 112 to peer 0x564cf1c5eee0 (13 bytes)
1736413520.716971 sending message 112 to peer 0x564cf1c5eee0 (7 bytes)
1736413520.716974 sending message 112 to peer 0x564cf1c5eee0 (13 bytes)
1736413520.716977 sending message 112 to peer 0x564cf1c5eee0 (7 bytes)
1736413520.716981 sending message 112 to peer 0x564cf1c5eee0 (13 bytes)
1736413520.716984 sending message 112 to peer 0x564cf1c5eee0 (9 bytes)
1736413520.716988 sending message 112 to peer 0x564cf1c5eee0 (21 bytes)
1736413520.716991 sending message 112 to peer 0x564cf1c5eee0 (13 bytes)
1736413520.716995 sending message 112 to peer 0x564cf1c5eee0 (9 bytes)
1736413520.716998 sending message 112 to peer 0x564cf1c5eee0 (16 bytes)
1736413520.717002 sending message 112 to peer 0x564cf1c5eee0 (13 bytes)
1736413520.717005 sending message 112 to peer 0x564cf1c5eee0 (9 bytes)
1736413520.717009 sending message 112 to peer 0x564cf1c5eee0 (9 bytes)
1736413520.717012 sending message 112 to peer 0x564cf1c5eee0 (12 bytes)
1736413520.717015 sending message 112 to peer 0x564cf1c5eee0 (8 bytes)
1736413520.717019 sending message 112 to peer 0x564cf1c5eee0 (13 bytes)
1736413520.717022 sending message 112 to peer 0x564cf1c5eee0 (7 bytes)
1736413520.717026 sending message 112 to peer 0x564cf1c5eee0 (7 bytes)
1736413520.717029 sending message 112 to peer 0x564cf1c5eee0 (9 bytes)
1736413520.717033 sending message 112 to peer 0x564cf1c5eee0 (6 bytes)
1736413520.717036 sending message 112 to peer 0x564cf1c5eee0 (9 bytes)
1736413520.717039 sending message 112 to peer 0x564cf1c5eee0 (15 bytes)
1736413520.717043 sending message 112 to peer 0x564cf1c5eee0 (13 bytes)
1736413520.717047 sending message 112 to peer 0x564cf1c5eee0 (12 bytes)
1736413520.717050 sending message 112 to peer 0x564cf1c5eee0 (8 bytes)
1736413520.717053 sending message 112 to peer 0x564cf1c5eee0 (14 bytes)
1736413520.717057 sending message 112 to peer 0x564cf1c5eee0 (9 bytes)
1736413520.717060 sending message 112 to peer 0x564cf1c5eee0 (10 bytes)
1736413520.717064 sending message 112 to peer 0x564cf1c5eee0 (10 bytes)
1736413520.717067 sending message 112 to peer 0x564cf1c5eee0 (10 bytes)
1736413520.717071 sending message 112 to peer 0x564cf1c5eee0 (10 bytes)
1736413520.717074 sending message 112 to peer 0x564cf1c5eee0 (11 bytes)
1736413520.717078 sending message 112 to peer 0x564cf1c5eee0 (12 bytes)
1736413520.717081 sending message 112 to peer 0x564cf1c5eee0 (12 bytes)
1736413520.717091 sending message 112 to peer 0x564cf1c5eee0 (12 bytes)
1736413520.717095 sending message 112 to peer 0x564cf1c5eee0 (12 bytes)
1736413520.717098 sending message 112 to peer 0x564cf1c5eee0 (12 bytes)
1736413520.717102 sending message 112 to peer 0x564cf1c5eee0 (11 bytes)
1736413520.717105 sending message 112 to peer 0x564cf1c5eee0 (11 bytes)
1736413520.717108 sending message 112 to peer 0x564cf1c5eee0 (12 bytes)
1736413520.717112 sending message 112 to peer 0x564cf1c5eee0 (12 bytes)
1736413520.717115 sending message 112 to peer 0x564cf1c5eee0 (12 bytes)
1736413520.717118 sending message 112 to peer 0x564cf1c5eee0 (12 bytes)
1736413520.717122 sending message 112 to peer 0x564cf1c5eee0 (12 bytes)
1736413520.717125 sending message 112 to peer 0x564cf1c5eee0 (9 bytes)
1736413520.717129 sending message 112 to peer 0x564cf1c5eee0 (12 bytes)
1736413520.717132 sending message 112 to peer 0x564cf1c5eee0 (13 bytes)
1736413520.717135 sending message 112 to peer 0x564cf1c5eee0 (13 bytes)
1736413520.717139 sending message 112 to peer 0x564cf1c5eee0 (13 bytes)
1736413520.717142 sending message 112 to peer 0x564cf1c5eee0 (13 bytes)
1736413520.717146 sending message 112 to peer 0x564cf1c5eee0 (13 bytes)
1736413520.717149 sending message 112 to peer 0x564cf1c5eee0 (8 bytes)
1736413520.717152 sending message 112 to peer 0x564cf1c5eee0 (11 bytes)
1736413520.717156 sending message 112 to peer 0x564cf1c5eee0 (11 bytes)
1736413520.717159 sending message 112 to peer 0x564cf1c5eee0 (11 bytes)
1736413520.717163 sending message 112 to peer 0x564cf1c5eee0 (12 bytes)
1736413520.717166 sending message 112 to peer 0x564cf1c5eee0 (12 bytes)
1736413520.717169 sending message 112 to peer 0x564cf1c5eee0 (13 bytes)
1736413520.717173 sending message 112 to peer 0x564cf1c5eee0 (12 bytes)
1736413520.717176 sending message 112 to peer 0x564cf1c5eee0 (13 bytes)
1736413520.717180 sending message 112 to peer 0x564cf1c5eee0 (13 bytes)
1736413520.717183 sending message 112 to peer 0x564cf1c5eee0 (13 bytes)
1736413520.717186 sending message 112 to peer 0x564cf1c5eee0 (8 bytes)
1736413520.717190 sending message 112 to peer 0x564cf1c5eee0 (13 bytes)
1736413520.717193 sending message 112 to peer 0x564cf1c5eee0 (13 bytes)
1736413520.717197 sending message 112 to peer 0x564cf1c5eee0 (13 bytes)
1736413520.717200 sending message 112 to peer 0x564cf1c5eee0 (13 bytes)
1736413520.717203 sending message 112 to peer 0x564cf1c5eee0 (13 bytes)
1736413520.717207 sending message 112 to peer 0x564cf1c5eee0 (12 bytes)
1736413520.717210 sending message 112 to peer 0x564cf1c5eee0 (12 bytes)
1736413520.717214 sending message 112 to peer 0x564cf1c5eee0 (13 bytes)
1736413520.717218 sending message 112 to peer 0x564cf1c5eee0 (12 bytes)
1736413520.717221 sending message 112 to peer 0x564cf1c5eee0 (13 bytes)
1736413520.717224 sending message 112 to peer 0x564cf1c5eee0 (8 bytes)
1736413520.717228 sending message 112 to peer 0x564cf1c5eee0 (13 bytes)
1736413520.717231 sending message 112 to peer 0x564cf1c5eee0 (13 bytes)
1736413520.717235 sending message 112 to peer 0x564cf1c5eee0 (13 bytes)
1736413520.717238 sending message 112 to peer 0x564cf1c5eee0 (13 bytes)
1736413520.717242 sending message 112 to peer 0x564cf1c5eee0 (13 bytes)
1736413520.717245 sending message 112 to peer 0x564cf1c5eee0 (13 bytes)
1736413520.717248 sending message 112 to peer 0x564cf1c5eee0 (13 bytes)
1736413520.717252 sending message 112 to peer 0x564cf1c5eee0 (12 bytes)
1736413520.717255 sending message 112 to peer 0x564cf1c5eee0 (12 bytes)
1736413520.717258 sending message 112 to peer 0x564cf1c5eee0 (13 bytes)
1736413520.717262 sending message 112 to peer 0x564cf1c5eee0 (8 bytes)
1736413520.717265 sending message 112 to peer 0x564cf1c5eee0 (12 bytes)
1736413520.717269 sending message 112 to peer 0x564cf1c5eee0 (13 bytes)
1736413520.717272 sending message 112 to peer 0x564cf1c5eee0 (13 bytes)
1736413520.717276 sending message 112 to peer 0x564cf1c5eee0 (13 bytes)
1736413520.717279 sending message 112 to peer 0x564cf1c5eee0 (13 bytes)
1736413520.717282 sending message 112 to peer 0x564cf1c5eee0 (13 bytes)
1736413520.717290 sending message 112 to peer 0x564cf1c5eee0 (13 bytes)
1736413520.717293 sending message 112 to peer 0x564cf1c5eee0 (13 bytes)
1736413520.717297 sending message 112 to peer 0x564cf1c5eee0 (13 bytes)
1736413520.717300 sending message 112 to peer 0x564cf1c5eee0 (12 bytes)
1736413520.717304 sending message 112 to peer 0x564cf1c5eee0 (10 bytes)
1736413520.717307 sending message 112 to peer 0x564cf1c5eee0 (12 bytes)
1736413520.717310 sending message 112 to peer 0x564cf1c5eee0 (13 bytes)
1736413520.717314 sending message 112 to peer 0x564cf1c5eee0 (12 bytes)
1736413520.717318 sending message 112 to peer 0x564cf1c5eee0 (13 bytes)
1736413520.717322 sending message 112 to peer 0x564cf1c5eee0 (13 bytes)
1736413520.717326 sending message 112 to peer 0x564cf1c5eee0 (13 bytes)
1736413520.717329 sending message 112 to peer 0x564cf1c5eee0 (13 bytes)
1736413520.717332 sending message 112 to peer 0x564cf1c5eee0 (13 bytes)
1736413520.717336 sending message 112 to peer 0x564cf1c5eee0 (13 bytes)
1736413520.717339 sending message 112 to peer 0x564cf1c5eee0 (13 bytes)
1736413520.717343 sending message 112 to peer 0x564cf1c5eee0 (10 bytes)
1736413520.717346 sending message 112 to peer 0x564cf1c5eee0 (13 bytes)
1736413520.717349 sending message 112 to peer 0x564cf1c5eee0 (12 bytes)
1736413520.717353 sending message 112 to peer 0x564cf1c5eee0 (12 bytes)
1736413520.717356 sending message 112 to peer 0x564cf1c5eee0 (13 bytes)
1736413520.717359 sending message 112 to peer 0x564cf1c5eee0 (10 bytes)
1736413520.717363 sending message 112 to peer 0x564cf1c5eee0 (10 bytes)
1736413520.717366 sending message 112 to peer 0x564cf1c5eee0 (10 bytes)
1736413520.717370 sending message 112 to peer 0x564cf1c5eee0 (12 bytes)
1736413520.717373 sending message 112 to peer 0x564cf1c5eee0 (13 bytes)
1736413520.717377 sending message 112 to peer 0x564cf1c5eee0 (13 bytes)
1736413520.717380 sending message 112 to peer 0x564cf1c5eee0 (13 bytes)
1736413520.717383 sending message 112 to peer 0x564cf1c5eee0 (13 bytes)
1736413520.717388 sending message 112 to peer 0x564cf1c5eee0 (13 bytes)
1736413520.717391 sending message 112 to peer 0x564cf1c5eee0 (10 bytes)
1736413520.717395 sending message 112 to peer 0x564cf1c5eee0 (11 bytes)
1736413520.717398 sending message 112 to peer 0x564cf1c5eee0 (12 bytes)
1736413520.717402 sending message 112 to peer 0x564cf1c5eee0 (12 bytes)
1736413520.717405 sending message 112 to peer 0x564cf1c5eee0 (12 bytes)
1736413520.717409 sending message 112 to peer 0x564cf1c5eee0 (12 bytes)
1736413520.717412 sending message 112 to peer 0x564cf1c5eee0 (12 bytes)
1736413520.717415 sending message 112 to peer 0x564cf1c5eee0 (11 bytes)
1736413520.717419 sending message 112 to peer 0x564cf1c5eee0 (12 bytes)
1736413520.717422 sending message 112 to peer 0x564cf1c5eee0 (12 bytes)
1736413520.717426 sending message 112 to peer 0x564cf1c5eee0 (13 bytes)
1736413520.717429 sending message 112 to peer 0x564cf1c5eee0 (13 bytes)
1736413520.717433 sending message 112 to peer 0x564cf1c5eee0 (13 bytes)
1736413520.717436 sending message 112 to peer 0x564cf1c5eee0 (13 bytes)
1736413520.717440 sending message 112 to peer 0x564cf1c5eee0 (13 bytes)
1736413520.717443 sending message 112 to peer 0x564cf1c5eee0 (10 bytes)
1736413520.717446 sending message 112 to peer 0x564cf1c5eee0 (9 bytes)
1736413520.717450 sending message 112 to peer 0x564cf1c5eee0 (12 bytes)
1736413520.717454 sending message 112 to peer 0x564cf1c5eee0 (13 bytes)
1736413520.717457 sending message 112 to peer 0x564cf1c5eee0 (13 bytes)
1736413520.717461 sending message 112 to peer 0x564cf1c5eee0 (13 bytes)
1736413520.717464 sending message 112 to peer 0x564cf1c5eee0 (13 bytes)
1736413520.717467 sending message 112 to peer 0x564cf1c5eee0 (13 bytes)
1736413520.717471 sending message 112 to peer 0x564cf1c5eee0 (9 bytes)
1736413520.717474 sending message 112 to peer 0x564cf1c5eee0 (12 bytes)
1736413520.717478 sending message 112 to peer 0x564cf1c5eee0 (13 bytes)
1736413520.717481 sending message 112 to peer 0x564cf1c5eee0 (13 bytes)
1736413520.717489 sending message 112 to peer 0x564cf1c5eee0 (13 bytes)
1736413520.717492 sending message 112 to peer 0x564cf1c5eee0 (13 bytes)
1736413520.717495 sending message 112 to peer 0x564cf1c5eee0 (13 bytes)
1736413520.717499 sending message 112 to peer 0x564cf1c5eee0 (11 bytes)
1736413520.717502 sending message 112 to peer 0x564cf1c5eee0 (12 bytes)
1736413520.717506 sending message 112 to peer 0x564cf1c5eee0 (13 bytes)
1736413520.717509 sending message 112 to peer 0x564cf1c5eee0 (13 bytes)
1736413520.717512 sending message 112 to peer 0x564cf1c5eee0 (13 bytes)
1736413520.717516 sending message 112 to peer 0x564cf1c5eee0 (13 bytes)
1736413520.717519 sending message 112 to peer 0x564cf1c5eee0 (13 bytes)
1736413520.717523 sending message 112 to peer 0x564cf1c5eee0 (11 bytes)
1736413520.717526 sending message 112 to peer 0x564cf1c5eee0 (12 bytes)
1736413520.717529 sending message 112 to peer 0x564cf1c5eee0 (12 bytes)
1736413520.717533 sending message 112 to peer 0x564cf1c5eee0 (12 bytes)
1736413520.717536 sending message 112 to peer 0x564cf1c5eee0 (12 bytes)
1736413520.717540 sending message 112 to peer 0x564cf1c5eee0 (12 bytes)
1736413520.717543 sending message 112 to peer 0x564cf1c5eee0 (22 bytes)
1736413520.717546 sending message 112 to peer 0x564cf1c5eee0 (12 bytes)
1736413520.717550 sending message 112 to peer 0x564cf1c5eee0 (9 bytes)
1736413520.717553 sending message 112 to peer 0x564cf1c5eee0 (6 bytes)
1736413520.717557 sending message 112 to peer 0x564cf1c5eee0 (13 bytes)
1736413520.717560 sending message 112 to peer 0x564cf1c5eee0 (10 bytes)
1736413520.717564 sending message 112 to peer 0x564cf1c5eee0 (15 bytes)
1736413520.717567 sending message 112 to peer 0x564cf1c5eee0 (11 bytes)
1736413520.717571 sending message 112 to peer 0x564cf1c5eee0 (9 bytes)
1736413520.717574 sending message 112 to peer 0x564cf1c5eee0 (70 bytes)
1736413520.717578 sending message 112 to peer 0x564cf1c5eee0 (69 bytes)
1736413520.717581 sending message 112 to peer 0x564cf1c5eee0 (34 bytes)
1736413520.717585 sending message 112 to peer 0x564cf1c5eee0 (34 bytes)
1736413520.717588 sending message 112 to peer 0x564cf1c5eee0 (69 bytes)
1736413520.717592 sending message 112 to peer 0x564cf1c5eee0 (12 bytes)
1736413520.717596 sending message 112 to peer 0x564cf1c5eee0 (10 bytes)
1736413520.717599 sending message 112 to peer 0x564cf1c5eee0 (10 bytes)
1736413520.717602 sending message 112 to peer 0x564cf1c5eee0 (15 bytes)
1736413520.717606 sending message 112 to peer 0x564cf1c5eee0 (11 bytes)
1736413520.717609 sending message 112 to peer 0x564cf1c5eee0 (10 bytes)
1736413520.717612 sending message 112 to peer 0x564cf1c5eee0 (10 bytes)
1736413520.717618 sending message 112 to peer 0x564cf1c5eee0 (17 bytes)
1736413520.717622 sending message 112 to peer 0x564cf1c5eee0 (10 bytes)
1736413520.717625 sending message 112 to peer 0x564cf1c5eee0 (13 bytes)
1736413520.717629 sending message 112 to peer 0x564cf1c5eee0 (17 bytes)
1736413520.717632 sending message 112 to peer 0x564cf1c5eee0 (5 bytes)
1736413520.717635 sending message 112 to peer 0x564cf1c5eee0 (9 bytes)
1736413520.717639 sending message 112 to peer 0x564cf1c5eee0 (15 bytes)
1736413520.717643 sending message 104 to peer 0x564cf1c5eee0 (0 bytes)
1736413520.717647 sending message 110 to peer 0x564cf1c5eee0 (0 bytes)
1736413520.717651 sending message 107 to peer 0x564cf1c5eee0 (4 bytes)
1736413520.717654 sending message 105 to peer 0x564cf1c5eee0 (16 bytes)
1736413520.717658 sending message 105 to peer 0x564cf1c5eee0 (32 bytes)
1736413520.717661 sending message 105 to peer 0x564cf1c5eee0 (98 bytes)
1736413520.717664 sending message 105 to peer 0x564cf1c5eee0 (18 bytes)
1736413520.717668 sending message 105 to peer 0x564cf1c5eee0 (19 bytes)
1736413520.717671 sending message 105 to peer 0x564cf1c5eee0 (20 bytes)
1736413520.717677 sending message 105 to peer 0x564cf1c5eee0 (8 bytes)
1736413520.717681 sending message 105 to peer 0x564cf1c5eee0 (19 bytes)
1736413520.717684 sending message 105 to peer 0x564cf1c5eee0 (22 bytes)
1736413520.717687 sending message 105 to peer 0x564cf1c5eee0 (46 bytes)
1736413520.717695 sending message 105 to peer 0x564cf1c5eee0 (19 bytes)
1736413520.717698 sending message 105 to peer 0x564cf1c5eee0 (42 bytes)
1736413520.717701 sending message 105 to peer 0x564cf1c5eee0 (20 bytes)
1736413520.717705 sending message 105 to peer 0x564cf1c5eee0 (20 bytes)
1736413520.717708 sending message 105 to peer 0x564cf1c5eee0 (21 bytes)
1736413520.717711 sending message 105 to peer 0x564cf1c5eee0 (19 bytes)
1736413520.717715 sending message 105 to peer 0x564cf1c5eee0 (18 bytes)
1736413520.717718 sending message 105 to peer 0x564cf1c5eee0 (13 bytes)
1736413520.717721 sending message 105 to peer 0x564cf1c5eee0 (16 bytes)
1736413520.717724 sending message 105 to peer 0x564cf1c5eee0 (48 bytes)
1736413520.717728 sending message 105 to peer 0x564cf1c5eee0 (43 bytes)
1736413520.717731 sending message 105 to peer 0x564cf1c5eee0 (33 bytes)
1736413520.717739 sending message 105 to peer 0x564cf1c5eee0 (36 bytes)
1736413520.717743 sending message 105 to peer 0x564cf1c5eee0 (17 bytes)
1736413520.717746 sending message 105 to peer 0x564cf1c5eee0 (25 bytes)
1736413520.717749 sending message 105 to peer 0x564cf1c5eee0 (21 bytes)
1736413520.717753 sending message 105 to peer 0x564cf1c5eee0 (15 bytes)
1736413520.717756 sending message 105 to peer 0x564cf1c5eee0 (186 bytes)
1736413520.717759 sending message 105 to peer 0x564cf1c5eee0 (53 bytes)
1736413520.717763 sending message 105 to peer 0x564cf1c5eee0 (22 bytes)
1736413520.717766 sending message 105 to peer 0x564cf1c5eee0 (38 bytes)
1736413520.717769 sending message 105 to peer 0x564cf1c5eee0 (60 bytes)
1736413520.717773 sending message 105 to peer 0x564cf1c5eee0 (14 bytes)
1736413520.717776 sending message 105 to peer 0x564cf1c5eee0 (17 bytes)
1736413520.717779 sending message 105 to peer 0x564cf1c5eee0 (36 bytes)
1736413520.717783 sending message 105 to peer 0x564cf1c5eee0 (18 bytes)
1736413520.717786 sending message 105 to peer 0x564cf1c5eee0 (30 bytes)
1736413520.717792 sending message 105 to peer 0x564cf1c5eee0 (27 bytes)
1736413520.717796 sending message 105 to peer 0x564cf1c5eee0 (31 bytes)
1736413520.717799 sending message 105 to peer 0x564cf1c5eee0 (20 bytes)
1736413520.717802 sending message 105 to peer 0x564cf1c5eee0 (17 bytes)
1736413520.717806 sending message 105 to peer 0x564cf1c5eee0 (1764 bytes)
1736413520.717821 sending message 105 to peer 0x564cf1c5eee0 (25 bytes)
1736413520.717825 sending message 105 to peer 0x564cf1c5eee0 (19 bytes)
1736413520.717828 sending message 105 to peer 0x564cf1c5eee0 (17 bytes)
1736413520.717832 sending message 105 to peer 0x564cf1c5eee0 (18 bytes)
1736413520.717835 sending message 105 to peer 0x564cf1c5eee0 (47 bytes)
1736413520.717839 sending message 105 to peer 0x564cf1c5eee0 (23 bytes)
1736413520.717842 sending message 105 to peer 0x564cf1c5eee0 (38 bytes)
1736413520.717845 sending message 105 to peer 0x564cf1c5eee0 (28 bytes)
1736413520.717849 sending message 105 to peer 0x564cf1c5eee0 (47 bytes)
1736413520.717852 sending message 105 to peer 0x564cf1c5eee0 (23 bytes)
1736413520.717856 sending message 105 to peer 0x564cf1c5eee0 (60 bytes)
1736413520.717859 sending message 105 to peer 0x564cf1c5eee0 (17 bytes)
1736413520.717863 sending message 105 to peer 0x564cf1c5eee0 (30 bytes)
1736413520.717866 sending message 105 to peer 0x564cf1c5eee0 (79 bytes)
1736413520.717870 sending message 105 to peer 0x564cf1c5eee0 (24 bytes)
1736413520.717873 sending message 105 to peer 0x564cf1c5eee0 (20 bytes)
1736413520.717877 sending message 105 to peer 0x564cf1c5eee0 (14 bytes)
1736413520.717880 sending message 105 to peer 0x564cf1c5eee0 (13 bytes)
1736413520.717884 sending message 105 to peer 0x564cf1c5eee0 (15 bytes)
1736413520.717887 sending message 105 to peer 0x564cf1c5eee0 (8 bytes)
1736413520.717891 sending message 105 to peer 0x564cf1c5eee0 (11 bytes)
1736413520.717894 sending message 105 to peer 0x564cf1c5eee0 (51 bytes)
1736413520.717898 sending message 105 to peer 0x564cf1c5eee0 (18 bytes)
1736413520.717901 sending message 105 to peer 0x564cf1c5eee0 (11 bytes)
1736413520.717904 sending message 105 to peer 0x564cf1c5eee0 (17 bytes)
1736413520.717912 sending message 105 to peer 0x564cf1c5eee0 (32 bytes)
1736413520.717915 sending message 105 to peer 0x564cf1c5eee0 (33 bytes)
1736413520.717919 sending message 105 to peer 0x564cf1c5eee0 (26 bytes)
1736413520.717922 sending message 105 to peer 0x564cf1c5eee0 (23 bytes)
1736413520.717926 sending message 105 to peer 0x564cf1c5eee0 (77 bytes)
1736413520.717929 sending message 105 to peer 0x564cf1c5eee0 (23 bytes)
1736413520.717933 sending message 105 to peer 0x564cf1c5eee0 (842 bytes)
1736413520.717936 sending message 105 to peer 0x564cf1c5eee0 (16 bytes)
1736413520.717939 sending message 105 to peer 0x564cf1c5eee0 (47 bytes)
1736413520.717943 sending message 105 to peer 0x564cf1c5eee0 (55 bytes)
1736413520.717946 sending message 105 to peer 0x564cf1c5eee0 (25 bytes)
1736413520.717950 sending message 105 to peer 0x564cf1c5eee0 (12 bytes)
1736413520.717954 sending message 105 to peer 0x564cf1c5eee0 (15 bytes)
1736413520.717957 sending message 105 to peer 0x564cf1c5eee0 (18 bytes)
1736413520.717961 sending message 105 to peer 0x564cf1c5eee0 (65 bytes)
1736413520.717964 sending message 105 to peer 0x564cf1c5eee0 (36 bytes)
1736413520.717968 sending message 105 to peer 0x564cf1c5eee0 (21 bytes)
1736413520.717971 sending message 105 to peer 0x564cf1c5eee0 (19 bytes)
1736413520.717974 sending message 105 to peer 0x564cf1c5eee0 (20 bytes)
1736413520.717978 sending message 105 to peer 0x564cf1c5eee0 (16 bytes)
1736413520.717981 sending message 106 to peer 0x564cf1c5eee0 (0 bytes)
1736413520.718036 sending message 200 to peer 0x564cf1c5eee0 (4 bytes)
1736413520.718040 client loop enter
1736413520.721668 peer 0x564cf1c5eee0 message 207
1736413520.721681 sending message 208 to peer 0x564cf1c5eee0 (0 bytes)
1736413526.050608 peer 0x564cf1c5eee0 message 201
1736413526.050634 sending message 205 to peer 0x564cf1c5eee0 (0 bytes)
1736413526.051122 peer 0x564cf1c5eee0 message 204
1736413526.051146 client loop exit
